  [4;36;1mSQL (0.2ms)[0m   [0;1m SELECT name
 FROM sqlite_master
 WHERE type = 'table' AND NOT name = 'sqlite_sequence'
[0m
  [4;35;1mSQL (0.1ms)[0m   [0mselect sqlite_version(*)[0m
  [4;36;1mSQL (1.7ms)[0m   [0;1mCREATE TABLE "schema_migrations" ("version" varchar(255) NOT NULL) [0m
  [4;35;1mSQL (1.5ms)[0m   [0mCREATE UNIQUE INDEX "unique_schema_migrations" ON "schema_migrations" ("version")[0m
  [4;36;1mSQL (0.2ms)[0m   [0;1m SELECT name
 FROM sqlite_master
 WHERE type = 'table' AND NOT name = 'sqlite_sequence'
[0m
  [4;35;1mSQL (0.1ms)[0m   [0mSELECT version FROM schema_migrations[0m
Migrating to CreateUsers (20100523045456)
  [4;36;1mSQL (0.4ms)[0m   [0;1mCREATE TABLE "users" ("id" INTEGER PRIMARY KEY AUTOINCREMENT NOT NULL, "name" varchar(255), "email" varchar(255), "created_at" datetime, "updated_at" datetime) [0m
  [4;35;1mSQL (0.1ms)[0m   [0mINSERT INTO schema_migrations (version) VALUES ('20100523045456')[0m
  [4;36;1mSQL (0.2ms)[0m   [0;1m SELECT name
 FROM sqlite_master
 WHERE type = 'table' AND NOT name = 'sqlite_sequence'
[0m
  [4;35;1mSQL (0.1ms)[0m   [0mSELECT version FROM schema_migrations[0m
  [4;36;1mSQL (0.1ms)[0m   [0;1m SELECT name
 FROM sqlite_master
 WHERE type = 'table' AND NOT name = 'sqlite_sequence'
[0m
  [4;35;1mSQL (0.0ms)[0m   [0mPRAGMA index_list("users")[0m


Processing Rails::InfoController#properties (for 127.0.0.1 at 2010-05-22 21:56:08) [GET]
  [4;36;1mSQL (0.5ms)[0m   [0;1m SELECT name
 FROM sqlite_master
 WHERE type = 'table' AND NOT name = 'sqlite_sequence'
[0m
  [4;35;1mSQL (0.1ms)[0m   [0mSELECT version FROM schema_migrations[0m
Completed in 15ms (View: 2, DB: 1) | 200 OK [http://localhost/rails/info/properties]


Processing UsersController#index (for 127.0.0.1 at 2010-05-22 21:57:44) [GET]
  [4;36;1mUser Load (0.4ms)[0m   [0;1mSELECT * FROM "users" [0m
Rendering template within layouts/users
Rendering users/index
Completed in 73ms (View: 68, DB: 0) | 200 OK [http://localhost/users]


Processing UsersController#new (for 127.0.0.1 at 2010-05-22 21:58:03) [GET]
Rendering template within layouts/users
Rendering users/new
Completed in 13ms (View: 9, DB: 0) | 200 OK [http://localhost/users/new]


Processing UsersController#show (for 127.0.0.1 at 2010-05-22 21:58:26) [GET]
  Parameters: {"id"=>"1"}
  [4;35;1mUser Load (0.1ms)[0m   [0mSELECT * FROM "users" WHERE ("users"."id" = 1) [0m

ActiveRecord::RecordNotFound (Couldn't find User with ID=1):
  app/controllers/users_controller.rb:16:in `show'

Rendered rescues/_trace (31.3ms)
Rendered rescues/_request_and_response (1.1ms)
Rendering rescues/layout (not_found)


Processing UsersController#new (for 127.0.0.1 at 2010-05-22 21:59:03) [GET]
Rendering template within layouts/users
Rendering users/new
Completed in 9ms (View: 4, DB: 0) | 200 OK [http://localhost/users/new]


Processing UsersController#create (for 127.0.0.1 at 2010-05-22 21:59:22) [POST]
  Parameters: {"commit"=>"Create", "authenticity_token"=>"/yaqXQcRfx72G73p9TnMEWcCzP0D7jfKyQi7xPJzHAw=", "user"=>{"name"=>"lambda", "email"=>"lamnda.router@fmail.com"}}
  [4;36;1mUser Create (0.4ms)[0m   [0;1mINSERT INTO "users" ("name", "created_at", "updated_at", "email") VALUES('lambda', '2010-05-23 04:59:22', '2010-05-23 04:59:22', 'lamnda.router@fmail.com')[0m
Redirected to http://localhost:3000/users/1
Completed in 9ms (DB: 0) | 302 Found [http://localhost/users]


Processing UsersController#show (for 127.0.0.1 at 2010-05-22 21:59:22) [GET]
  Parameters: {"id"=>"1"}
  [4;35;1mUser Load (0.3ms)[0m   [0mSELECT * FROM "users" WHERE ("users"."id" = 1) [0m
Rendering template within layouts/users
Rendering users/show
Completed in 61ms (View: 6, DB: 0) | 200 OK [http://localhost/users/1]


Processing UsersController#show (for 127.0.0.1 at 2010-05-22 21:59:54) [GET]
  Parameters: {"id"=>"edit"}
  [4;36;1mUser Load (0.1ms)[0m   [0;1mSELECT * FROM "users" WHERE ("users"."id" = 0) [0m

ActiveRecord::RecordNotFound (Couldn't find User with ID=edit):
  app/controllers/users_controller.rb:16:in `show'

Rendered rescues/_trace (31.2ms)
Rendered rescues/_request_and_response (0.3ms)
Rendering rescues/layout (not_found)


Processing UsersController#edit (for 127.0.0.1 at 2010-05-22 22:00:06) [GET]
  Parameters: {"id"=>"1"}
  [4;35;1mUser Load (0.2ms)[0m   [0mSELECT * FROM "users" WHERE ("users"."id" = 1) [0m
Rendering template within layouts/users
Rendering users/edit
Completed in 14ms (View: 9, DB: 0) | 200 OK [http://localhost/users/1/edit]


Processing UsersController#update (for 127.0.0.1 at 2010-05-22 22:00:27) [PUT]
  Parameters: {"commit"=>"Update", "authenticity_token"=>"/yaqXQcRfx72G73p9TnMEWcCzP0D7jfKyQi7xPJzHAw=", "id"=>"1", "user"=>{"name"=>"lambda2", "email"=>"lamnda.router@fmail.com"}}
  [4;36;1mUser Load (0.2ms)[0m   [0;1mSELECT * FROM "users" WHERE ("users"."id" = 1) [0m
  [4;35;1mUser Update (0.3ms)[0m   [0mUPDATE "users" SET "updated_at" = '2010-05-23 05:00:27', "name" = 'lambda2' WHERE "id" = 1[0m
Redirected to http://localhost:3000/users/1
Completed in 9ms (DB: 0) | 302 Found [http://localhost/users/1]


Processing UsersController#show (for 127.0.0.1 at 2010-05-22 22:00:27) [GET]
  Parameters: {"id"=>"1"}
  [4;36;1mUser Load (0.2ms)[0m   [0;1mSELECT * FROM "users" WHERE ("users"."id" = 1) [0m
Rendering template within layouts/users
Rendering users/show
Completed in 7ms (View: 2, DB: 0) | 200 OK [http://localhost/users/1]


Processing UsersController#new (for 127.0.0.1 at 2010-05-22 22:00:46) [GET]
Rendering template within layouts/users
Rendering users/new
Completed in 58ms (View: 54, DB: 0) | 200 OK [http://localhost/users/new]


Processing UsersController#create (for 127.0.0.1 at 2010-05-22 22:01:00) [POST]
  Parameters: {"commit"=>"Create", "authenticity_token"=>"/yaqXQcRfx72G73p9TnMEWcCzP0D7jfKyQi7xPJzHAw=", "user"=>{"name"=>"exegesis", "email"=>"alpha"}}
  [4;35;1mUser Create (0.3ms)[0m   [0mINSERT INTO "users" ("name", "created_at", "updated_at", "email") VALUES('exegesis', '2010-05-23 05:01:00', '2010-05-23 05:01:00', 'alpha')[0m
Redirected to http://localhost:3000/users/2
Completed in 8ms (DB: 0) | 302 Found [http://localhost/users]


Processing UsersController#show (for 127.0.0.1 at 2010-05-22 22:01:00) [GET]
  Parameters: {"id"=>"2"}
  [4;36;1mUser Load (0.3ms)[0m   [0;1mSELECT * FROM "users" WHERE ("users"."id" = 2) [0m
Rendering template within layouts/users
Rendering users/show
Completed in 7ms (View: 2, DB: 0) | 200 OK [http://localhost/users/2]


Processing UsersController#index (for 127.0.0.1 at 2010-05-22 22:01:08) [GET]
  [4;35;1mUser Load (0.4ms)[0m   [0mSELECT * FROM "users" [0m
Rendering template within layouts/users
Rendering users/index
Completed in 12ms (View: 8, DB: 0) | 200 OK [http://localhost/users]


Processing UsersController#destroy (for 127.0.0.1 at 2010-05-22 22:01:24) [DELETE]
  Parameters: {"authenticity_token"=>"/yaqXQcRfx72G73p9TnMEWcCzP0D7jfKyQi7xPJzHAw=", "id"=>"2"}
  [4;36;1mUser Load (0.2ms)[0m   [0;1mSELECT * FROM "users" WHERE ("users"."id" = 2) [0m
  [4;35;1mUser Destroy (0.4ms)[0m   [0mDELETE FROM "users" WHERE "id" = 2[0m
Redirected to http://localhost:3000/users
Completed in 10ms (DB: 1) | 302 Found [http://localhost/users/2]


Processing UsersController#index (for 127.0.0.1 at 2010-05-22 22:01:24) [GET]
  [4;36;1mUser Load (0.5ms)[0m   [0;1mSELECT * FROM "users" [0m
Rendering template within layouts/users
Rendering users/index
Completed in 10ms (View: 5, DB: 0) | 200 OK [http://localhost/users]
  [4;36;1mSQL (0.4ms)[0m   [0;1m SELECT name
 FROM sqlite_master
 WHERE type = 'table' AND NOT name = 'sqlite_sequence'
[0m
  [4;35;1mSQL (0.1ms)[0m   [0mSELECT version FROM schema_migrations[0m
Migrating to CreateUsers (20100523045456)
  [4;36;1mSQL (0.2ms)[0m   [0;1mselect sqlite_version(*)[0m
  [4;35;1mSQL (0.2ms)[0m   [0m SELECT name
 FROM sqlite_master
 WHERE type = 'table' AND NOT name = 'sqlite_sequence'
[0m
  [4;36;1mSQL (0.1ms)[0m   [0;1mSELECT version FROM schema_migrations[0m
  [4;35;1mSQL (0.1ms)[0m   [0m SELECT name
 FROM sqlite_master
 WHERE type = 'table' AND NOT name = 'sqlite_sequence'
[0m
  [4;36;1mSQL (0.0ms)[0m   [0;1mPRAGMA index_list("users")[0m
  [4;36;1mSQL (0.4ms)[0m   [0;1m SELECT name
 FROM sqlite_master
 WHERE type = 'table' AND NOT name = 'sqlite_sequence'
[0m
  [4;35;1mSQL (0.1ms)[0m   [0mSELECT version FROM schema_migrations[0m
Migrating to CreateUsers (20100523045456)
Migrating to CreateMicroposts (20100523182155)
  [4;36;1mSQL (0.1ms)[0m   [0;1mselect sqlite_version(*)[0m
  [4;35;1mSQL (0.5ms)[0m   [0mCREATE TABLE "microposts" ("id" INTEGER PRIMARY KEY AUTOINCREMENT NOT NULL, "content" varchar(255), "user_id" integer, "created_at" datetime, "updated_at" datetime) [0m
  [4;36;1mSQL (0.3ms)[0m   [0;1mINSERT INTO schema_migrations (version) VALUES ('20100523182155')[0m
  [4;35;1mSQL (0.3ms)[0m   [0m SELECT name
 FROM sqlite_master
 WHERE type = 'table' AND NOT name = 'sqlite_sequence'
[0m
  [4;36;1mSQL (0.1ms)[0m   [0;1mSELECT version FROM schema_migrations[0m
  [4;35;1mSQL (0.1ms)[0m   [0m SELECT name
 FROM sqlite_master
 WHERE type = 'table' AND NOT name = 'sqlite_sequence'
[0m
  [4;36;1mSQL (0.0ms)[0m   [0;1mPRAGMA index_list("microposts")[0m
  [4;35;1mSQL (0.1ms)[0m   [0mPRAGMA index_list("users")[0m


Processing MicropostsController#index (for 127.0.0.1 at 2010-05-23 11:24:41) [GET]
  [4;36;1mMicropost Load (0.4ms)[0m   [0;1mSELECT * FROM "microposts" [0m
Rendering template within layouts/microposts
Rendering microposts/index
Completed in 27ms (View: 22, DB: 0) | 200 OK [http://localhost/microposts]


Processing MicropostsController#new (for 127.0.0.1 at 2010-05-23 11:24:47) [GET]
Rendering template within layouts/microposts
Rendering microposts/new
Completed in 12ms (View: 8, DB: 0) | 200 OK [http://localhost/microposts/new]


Processing MicropostsController#create (for 127.0.0.1 at 2010-05-23 11:25:00) [POST]
  Parameters: {"commit"=>"Create", "micropost"=>{"user_id"=>"HuenPin", "content"=>"what is this?"}, "authenticity_token"=>"/yypHx8F54K2o6qQD78yguj+ZfhurdogIjfanQCORjk="}
  [4;35;1mMicropost Create (0.4ms)[0m   [0mINSERT INTO "microposts" ("created_at", "updated_at", "user_id", "content") VALUES('2010-05-23 18:25:00', '2010-05-23 18:25:00', 0, 'what is this?')[0m
Redirected to http://localhost:3000/microposts/1
Completed in 8ms (DB: 0) | 302 Found [http://localhost/microposts]


Processing MicropostsController#show (for 127.0.0.1 at 2010-05-23 11:25:00) [GET]
  Parameters: {"id"=>"1"}
  [4;36;1mMicropost Load (0.2ms)[0m   [0;1mSELECT * FROM "microposts" WHERE ("microposts"."id" = 1) [0m
Rendering template within layouts/microposts
Rendering microposts/show
Completed in 11ms (View: 6, DB: 0) | 200 OK [http://localhost/microposts/1]


Processing MicropostsController#index (for 127.0.0.1 at 2010-05-23 11:25:14) [GET]
  [4;35;1mMicropost Load (0.4ms)[0m   [0mSELECT * FROM "microposts" [0m
Rendering template within layouts/microposts
Rendering microposts/index
Completed in 9ms (View: 5, DB: 0) | 200 OK [http://localhost/microposts]


Processing MicropostsController#edit (for 127.0.0.1 at 2010-05-23 11:25:20) [GET]
  Parameters: {"id"=>"1"}
  [4;36;1mMicropost Load (0.2ms)[0m   [0;1mSELECT * FROM "microposts" WHERE ("microposts"."id" = 1) [0m
Rendering template within layouts/microposts
Rendering microposts/edit
Completed in 14ms (View: 9, DB: 0) | 200 OK [http://localhost/microposts/1/edit]


Processing MicropostsController#update (for 127.0.0.1 at 2010-05-23 11:25:24) [PUT]
  Parameters: {"commit"=>"Update", "micropost"=>{"user_id"=>"1", "content"=>"what is this?"}, "authenticity_token"=>"/yypHx8F54K2o6qQD78yguj+ZfhurdogIjfanQCORjk=", "id"=>"1"}
  [4;35;1mMicropost Load (0.2ms)[0m   [0mSELECT * FROM "microposts" WHERE ("microposts"."id" = 1) [0m
  [4;36;1mMicropost Update (0.3ms)[0m   [0;1mUPDATE "microposts" SET "updated_at" = '2010-05-23 18:25:24', "user_id" = 1 WHERE "id" = 1[0m
Redirected to http://localhost:3000/microposts/1
Completed in 9ms (DB: 0) | 302 Found [http://localhost/microposts/1]


Processing MicropostsController#show (for 127.0.0.1 at 2010-05-23 11:25:24) [GET]
  Parameters: {"id"=>"1"}
  [4;35;1mMicropost Load (0.2ms)[0m   [0mSELECT * FROM "microposts" WHERE ("microposts"."id" = 1) [0m
Rendering template within layouts/microposts
Rendering microposts/show
Completed in 8ms (View: 3, DB: 0) | 200 OK [http://localhost/microposts/1]


Processing MicropostsController#index (for 127.0.0.1 at 2010-05-23 11:27:08) [GET]
  [4;36;1mMicropost Load (0.4ms)[0m   [0;1mSELECT * FROM "microposts" [0m
Rendering template within layouts/microposts
Rendering microposts/index
Completed in 9ms (View: 5, DB: 0) | 200 OK [http://localhost/microposts]


Processing MicropostsController#new (for 127.0.0.1 at 2010-05-23 11:27:11) [GET]
Rendering template within layouts/microposts
Rendering microposts/new
Completed in 8ms (View: 4, DB: 0) | 200 OK [http://localhost/microposts/new]


Processing MicropostsController#create (for 127.0.0.1 at 2010-05-23 11:27:29) [POST]
  Parameters: {"commit"=>"Create", "micropost"=>{"user_id"=>"Spirit", "content"=>"This is it"}, "authenticity_token"=>"/yypHx8F54K2o6qQD78yguj+ZfhurdogIjfanQCORjk="}
  [4;35;1mMicropost Create (0.3ms)[0m   [0mINSERT INTO "microposts" ("created_at", "updated_at", "user_id", "content") VALUES('2010-05-23 18:27:29', '2010-05-23 18:27:29', 0, 'This is it')[0m
Redirected to http://localhost:3000/microposts/2
Completed in 8ms (DB: 0) | 302 Found [http://localhost/microposts]


Processing MicropostsController#show (for 127.0.0.1 at 2010-05-23 11:27:29) [GET]
  Parameters: {"id"=>"2"}
  [4;36;1mMicropost Load (0.2ms)[0m   [0;1mSELECT * FROM "microposts" WHERE ("microposts"."id" = 2) [0m
Rendering template within layouts/microposts
Rendering microposts/show
Completed in 7ms (View: 3, DB: 0) | 200 OK [http://localhost/microposts/2]


Processing MicropostsController#create (for 127.0.0.1 at 2010-05-23 11:27:39) [POST]
  Parameters: {"commit"=>"Create", "micropost"=>{"user_id"=>"2", "content"=>"This is it"}, "authenticity_token"=>"/yypHx8F54K2o6qQD78yguj+ZfhurdogIjfanQCORjk="}
  [4;35;1mMicropost Create (0.4ms)[0m   [0mINSERT INTO "microposts" ("created_at", "updated_at", "user_id", "content") VALUES('2010-05-23 18:27:39', '2010-05-23 18:27:39', 2, 'This is it')[0m
Redirected to http://localhost:3000/microposts/3
Completed in 8ms (DB: 0) | 302 Found [http://localhost/microposts]


Processing MicropostsController#show (for 127.0.0.1 at 2010-05-23 11:27:39) [GET]
  Parameters: {"id"=>"3"}
  [4;36;1mMicropost Load (0.2ms)[0m   [0;1mSELECT * FROM "microposts" WHERE ("microposts"."id" = 3) [0m
Rendering template within layouts/microposts
Rendering microposts/show
Completed in 7ms (View: 2, DB: 0) | 200 OK [http://localhost/microposts/3]


Processing MicropostsController#index (for 127.0.0.1 at 2010-05-23 11:27:44) [GET]
  [4;35;1mMicropost Load (0.5ms)[0m   [0mSELECT * FROM "microposts" [0m
Rendering template within layouts/microposts
Rendering microposts/index
Completed in 14ms (View: 10, DB: 0) | 200 OK [http://localhost/microposts]


Processing MicropostsController#new (for 127.0.0.1 at 2010-05-23 11:29:28) [GET]
Rendering template within layouts/microposts
Rendering microposts/new
Completed in 8ms (View: 4, DB: 0) | 200 OK [http://localhost/microposts/new]


Processing MicropostsController#create (for 127.0.0.1 at 2010-05-23 11:29:48) [POST]
  Parameters: {"commit"=>"Create", "micropost"=>{"user_id"=>"5", "content"=>"where will this come from does it make any sense at all or is all this just idiotic"}, "authenticity_token"=>"/yypHx8F54K2o6qQD78yguj+ZfhurdogIjfanQCORjk="}
  [4;36;1mMicropost Create (0.3ms)[0m   [0;1mINSERT INTO "microposts" ("created_at", "updated_at", "user_id", "content") VALUES('2010-05-23 18:29:48', '2010-05-23 18:29:48', 5, 'where will this come from does it make any sense at all or is all this just idiotic')[0m
Redirected to http://localhost:3000/microposts/4
Completed in 8ms (DB: 0) | 302 Found [http://localhost/microposts]


Processing MicropostsController#show (for 127.0.0.1 at 2010-05-23 11:29:48) [GET]
  Parameters: {"id"=>"4"}
  [4;35;1mMicropost Load (0.2ms)[0m   [0mSELECT * FROM "microposts" WHERE ("microposts"."id" = 4) [0m
Rendering template within layouts/microposts
Rendering microposts/show
Completed in 7ms (View: 2, DB: 0) | 200 OK [http://localhost/microposts/4]


Processing MicropostsController#edit (for 127.0.0.1 at 2010-05-23 11:30:05) [GET]
  Parameters: {"id"=>"4"}
  [4;36;1mMicropost Load (0.2ms)[0m   [0;1mSELECT * FROM "microposts" WHERE ("microposts"."id" = 4) [0m
Rendering template within layouts/microposts
Rendering microposts/edit
Completed in 9ms (View: 5, DB: 0) | 200 OK [http://localhost/microposts/4/edit]


Processing MicropostsController#update (for 127.0.0.1 at 2010-05-23 11:30:48) [PUT]
  Parameters: {"commit"=>"Update", "micropost"=>{"user_id"=>"5", "content"=>"xxxxxxxxxxxxxxxxxxxxxxxxxxxxxxxxxxxxxxxxxxxxxxxxxxxxyyyyyyyyyyyyyyyyyyyyyyyyyyyyyyyyyyyyyyyyyyyyyyyyyyyyyyyyyyyyyyyyyyyyyyyzzzzzzzzzzzzzzzzzzzzzzzzzzzzzzzzzzzzzzzzzzzzzzzzzzzzzzzzzzzzzzzzzzzzzzzzzzzzzz"}, "authenticity_token"=>"/yypHx8F54K2o6qQD78yguj+ZfhurdogIjfanQCORjk=", "id"=>"4"}
  [4;35;1mMicropost Load (0.2ms)[0m   [0mSELECT * FROM "microposts" WHERE ("microposts"."id" = 4) [0m
Rendering template within layouts/microposts
Rendering microposts/edit
Completed in 15ms (View: 8, DB: 0) | 200 OK [http://localhost/microposts/4]
  [4;36;1mUser Load (0.4ms)[0m   [0;1mSELECT * FROM "users" LIMIT 1[0m
  [4;35;1mMicropost Load (0.3ms)[0m   [0mSELECT * FROM "microposts" WHERE ("microposts".user_id = 1) [0m
